<?xml version="1.0" encoding="UTF-8"?>
<!-- Generated by org.testng.reporters.JUnitReportReporter -->
<testsuite hostname="DESKTOP-ES84VQV" failures="0" tests="3" name="test.gearsay.com.NewTest" time="132.260" errors="0" timestamp="09 Aug 2019 12:19:46 GMT" skipped="1">
  <testcase classname="test.gearsay.com.NewTest" name="editTeamBrandCard" time="86.584"/>
  <testcase classname="test.gearsay.com.NewTest" name="SignupLoginFunctionality" time="45.676"/>
  <testcase classname="test.gearsay.com.NewTest" name="JointeamFunctionality">
    <skipped/>
  </testcase> <!-- JointeamFunctionality -->
</testsuite> <!-- test.gearsay.com.NewTest -->
