<?xml version="1.0" encoding="UTF-8"?>
<!-- Generated by org.testng.reporters.JUnitReportReporter -->
<testsuite hostname="DESKTOP-ES84VQV" failures="0" tests="1" name="gearSay.NewTest" time="22.054" errors="0" timestamp="19 Jun 2019 12:40:06 GMT" skipped="0">
  <testcase classname="gearSay.NewTest" name="LoginPOS" time="22.054"/>
</testsuite> <!-- gearSay.NewTest -->
